Some messages have been moved to the Issues panel.
​ Uncaught ReferenceError: entityExtractionRuntime is not defined
    at <anonymous>:1:1
temp1
<!--<div class="header">
			<div class="container_12">
				<div class="logo">
					<a href="index.html">
						<div class="logo-image workspace_logo_icon"></div>
					</a>
				</div>
				<div class="topmenu">
					<ul class="dropdown">
						<li>
							<a href="#">
								<span>Product</span>
							</a>
							<ul class="dropdown">
								<li class="first">
									<a href="apps.html"><span>Apps</span></a>
									<a href="features.html"><span>Features</span></a>
								</li>
							</ul>
						</li>
						<li>
							<a href="https://support.workspace.com" target="_blank">
								<span>Support</span>
							</a>
						</li>
						<li>
							<a href="about_us.html"><span>Company</span></a>
						</li>
						<li>
							<a href="/webclient/index.html" target="_blank"><span>Login</span></a>
						</li>
					</ul>
					<div class="clear"></div>
				</div>
				<div class="buttons large-site">
					<link href="https://calendly.com/assets/external/widget.css" rel="stylesheet">
					<script src="https://calendly.com/assets/external/widget.js" type="text/javascript"></script>
					 Calendly link widget end -->
​ Launched external handler for 'mailto:info@workspace.com'.
